<?xml version="1.0" encoding="UTF-8"?>
<!-- Generated by org.testng.reporters.JUnitXMLReporter -->
<testsuite hostname="Jeys-MacBook-Pro.local" ignored="4" name="Default test" tests="1" failures="0" timestamp="14 Jul 2021 20:42:11 GMT" time="3.186" errors="0">
  <testcase name="OAuth_2_Test" time="3.169" classname="com.rest.api.authentications.basicAndOAuth1"/>
  <testcase name="OAuth_2_Test_OAuth_Header" time="0.0" classname="com.rest.api.authentications.basicAndOAuth1">
    <ignored/>
  </testcase> <!-- OAuth_2_Test_OAuth_Header -->
  <testcase name="OAuth_2_Test_OAuth_Header_WithQueryParam" time="0.0" classname="com.rest.api.authentications.basicAndOAuth1">
    <ignored/>
  </testcase> <!-- OAuth_2_Test_OAuth_Header_WithQueryParam -->
  <testcase name="basic_Auth" time="0.0" classname="com.rest.api.authentications.basicAndOAuth1">
    <ignored/>
  </testcase> <!-- basic_Auth -->
  <testcase name="OAuth_2_Test_OAuth_Header_WithQueryParam_2" time="0.0" classname="com.rest.api.authentications.basicAndOAuth1">
    <ignored/>
  </testcase> <!-- OAuth_2_Test_OAuth_Header_WithQueryParam_2 -->
</testsuite> <!-- Default test -->
