<?xml version="1.0" encoding="UTF-8"?>
<!-- Generated by org.testng.reporters.JUnitXMLReporter -->
<testsuite hostname="Jeys-MacBook-Pro.local" ignored="7" name="Default test" tests="1" failures="0" timestamp="28 Oct 2021 12:14:26 GMT" time="2.059" errors="0">
  <testcase name="getApiTest_2" time="2.042" classname="com.restApi_Get.Get_API_BDD"/>
  <testcase name="getBook_3" time="0.0" classname="com.restApi_Get.Get_API_BDD">
    <ignored/>
  </testcase> <!-- getBook_3 -->
  <testcase name="getApiTest_3" time="0.0" classname="com.restApi_Get.Get_API_BDD">
    <ignored/>
  </testcase> <!-- getApiTest_3 -->
  <testcase name="getApiTest_1" time="0.0" classname="com.restApi_Get.Get_API_BDD">
    <ignored/>
  </testcase> <!-- getApiTest_1 -->
  <testcase name="getBook_2" time="0.0" classname="com.restApi_Get.Get_API_BDD">
    <ignored/>
  </testcase> <!-- getBook_2 -->
  <testcase name="getApiTest_4" time="0.0" classname="com.restApi_Get.Get_API_BDD">
    <ignored/>
  </testcase> <!-- getApiTest_4 -->
  <testcase name="getBook" time="0.0" classname="com.restApi_Get.Get_API_BDD">
    <ignored/>
  </testcase> <!-- getBook -->
  <testcase name="numberOfCircuitsYearTest" time="0.0" classname="com.restApi_Get.Get_API_BDD">
    <ignored/>
  </testcase> <!-- numberOfCircuitsYearTest -->
</testsuite> <!-- Default test -->
